/Users/chriskayomb/Library/Java/JavaVirtualMachines/corretto-17.0.8.1/Contents/Home/bin/java -Dmaven.multiModuleProjectDirectory=/Users/chriskayomb/Documents/EPITA/S3/AdvJ/Exam-Prep/adv-java-parent/training-exam -Djansi.passthrough=true -Dmaven.home=/Applications/IntelliJ IDEA.app/Contents/plugins/maven/lib/maven3 -Dclassworlds.conf=/Applications/IntelliJ IDEA.app/Contents/plugins/maven/lib/maven3/bin/m2.conf -Dmaven.ext.class.path=/Applications/IntelliJ IDEA.app/Contents/plugins/maven/lib/maven-event-listener.jar -javaagent:/Applications/IntelliJ IDEA.app/Contents/lib/idea_rt.jar=52517:/Applications/IntelliJ IDEA.app/Contents/bin -Dfile.encoding=UTF-8 -classpath /Applications/IntelliJ IDEA.app/Contents/plugins/maven/lib/maven3/boot/plexus-classworlds.license:/Applications/IntelliJ IDEA.app/Contents/plugins/maven/lib/maven3/boot/plexus-classworlds-2.7.0.jar org.codehaus.classworlds.Launcher -Didea.version=2023.2.2 install
[INFO] Scanning for projects...
[INFO]
[INFO] --------------------< fr.epita.java:training-exam >---------------------
[INFO] Building training-exam 1.0.0-SNAPSHOT
[INFO]   from pom.xml
[INFO] --------------------------------[ jar ]---------------------------------
[INFO]
[INFO] --- resources:3.3.0:resources (default-resources) @ training-exam ---
[INFO] Copying 0 resource
[INFO]
[INFO] --- compiler:3.10.1:compile (default-compile) @ training-exam ---
[INFO] Changes detected - recompiling the module!
[INFO] Compiling 2 source files to /Users/chriskayomb/Documents/EPITA/S3/AdvJ/Exam-Prep/adv-java-parent/training-exam/target/classes
[INFO]
[INFO] --- resources:3.3.0:testResources (default-testResources) @ training-exam ---
[INFO] skip non existing resourceDirectory /Users/chriskayomb/Documents/EPITA/S3/AdvJ/Exam-Prep/adv-java-parent/training-exam/src/test/resources
[INFO]
[INFO] --- compiler:3.10.1:testCompile (default-testCompile) @ training-exam ---
[INFO] Changes detected - recompiling the module!
[INFO] Compiling 2 source files to /Users/chriskayomb/Documents/EPITA/S3/AdvJ/Exam-Prep/adv-java-parent/training-exam/target/test-classes
[INFO]
[INFO] --- surefire:3.0.0:test (default-test) @ training-exam ---
[INFO] Using auto detected provider org.apache.maven.surefire.junit.JUnit3Provider
Downloading from central: https://repo.maven.apache.org/maven2/org/apache/maven/surefire/surefire-junit3/3.0.0/surefire-junit3-3.0.0.pom
Downloaded from central: https://repo.maven.apache.org/maven2/org/apache/maven/surefire/surefire-junit3/3.0.0/surefire-junit3-3.0.0.pom (3.0 kB at 19 kB/s)
Downloading from central: https://repo.maven.apache.org/maven2/org/apache/maven/surefire/common-junit3/3.0.0/common-junit3-3.0.0.pom
Downloaded from central: https://repo.maven.apache.org/maven2/org/apache/maven/surefire/common-junit3/3.0.0/common-junit3-3.0.0.pom (2.7 kB at 150 kB/s)
Downloading from central: https://repo.maven.apache.org/maven2/org/apache/maven/surefire/surefire-junit3/3.0.0/surefire-junit3-3.0.0.jar
Downloaded from central: https://repo.maven.apache.org/maven2/org/apache/maven/surefire/surefire-junit3/3.0.0/surefire-junit3-3.0.0.jar (24 kB at 1.3 MB/s)
Downloading from central: https://repo.maven.apache.org/maven2/org/apache/maven/surefire/common-junit3/3.0.0/common-junit3-3.0.0.jar
Downloaded from central: https://repo.maven.apache.org/maven2/org/apache/maven/surefire/common-junit3/3.0.0/common-junit3-3.0.0.jar (12 kB at 994 kB/s)
[INFO]
[INFO] -------------------------------------------------------
[INFO]  T E S T S
[INFO] -------------------------------------------------------
[INFO] Running TestMVN2
[INFO] Tests run: 0, Failures: 0, Errors: 0, Skipped: 0, Time elapsed: 0.003 s - in TestMVN2
[INFO] Running Tests
[INFO] Tests run: 0, Failures: 0, Errors: 0, Skipped: 0, Time elapsed: 0 s - in Tests
[INFO]
[INFO] Results:
[INFO]
[INFO] Tests run: 0, Failures: 0, Errors: 0, Skipped: 0
[INFO]
[INFO]
[INFO] --- jar:3.3.0:jar (default-jar) @ training-exam ---
[INFO] Building jar: /Users/chriskayomb/Documents/EPITA/S3/AdvJ/Exam-Prep/adv-java-parent/training-exam/target/training-exam-1.0.0-SNAPSHOT.jar
[INFO]
[INFO] --- install:3.1.0:install (default-install) @ training-exam ---
[INFO] Installing /Users/chriskayomb/Documents/EPITA/S3/AdvJ/Exam-Prep/adv-java-parent/training-exam/pom.xml to /Users/chriskayomb/.m2/repository/fr/epita/java/training-exam/1.0.0-SNAPSHOT/training-exam-1.0.0-SNAPSHOT.pom
[INFO] Installing /Users/chriskayomb/Documents/EPITA/S3/AdvJ/Exam-Prep/adv-java-parent/training-exam/target/training-exam-1.0.0-SNAPSHOT.jar to /Users/chriskayomb/.m2/repository/fr/epita/java/training-exam/1.0.0-SNAPSHOT/training-exam-1.0.0-SNAPSHOT.jar
[INFO] ------------------------------------------------------------------------
[INFO] BUILD SUCCESS
[INFO] ------------------------------------------------------------------------
[INFO] Total time:  1.335 s
[INFO] Finished at: 2024-01-12T20:45:17+01:00
[INFO] ------------------------------------------------------------------------
[WARNING]
[WARNING] Plugin validation issues were detected in 2 plugin(s)
[WARNING]
[WARNING]  * org.apache.maven.plugins:maven-compiler-plugin:3.10.1
[WARNING]  * org.apache.maven.plugins:maven-resources-plugin:3.3.0
[WARNING]
[WARNING] For more or less details, use 'maven.plugin.validation' property with one of the values (case insensitive): [BRIEF, DEFAULT, VERBOSE]
[WARNING]

Process finished with exit code 0
